<?xml version="1.0" encoding="UTF-8"?>
<!-- Generated by org.testng.reporters.JUnitReportReporter -->
<testsuite hostname="SangeethaG" failures="0" tests="1" name="automationexercise_TestRunner.TestRunner_TestNG" time="17.583" errors="0" timestamp="2025-06-24T22:26:23 EDT" skipped="0">
  <testcase classname="automationexercise_TestRunner.TestRunner_TestNG" name="runScenario" time="17.583"/>
</testsuite> <!-- automationexercise_TestRunner.TestRunner_TestNG -->
